0 info it worked if it ends with ok
1 verbose cli [ 'C:\\Program Files\\nodejs\\\\node.exe',
1 verbose cli   'C:\\Program Files\\nodejs\\node_modules\\npm\\bin\\npm-cli.js',
1 verbose cli   'install',
1 verbose cli   'Canva' ]
2 info using npm@1.2.18
3 info using node@v0.10.5
4 verbose node symlink C:\Program Files\nodejs\\node.exe
5 verbose read json C:\Users\Raphael\Desktop\Node\package.json
6 verbose read json C:\Users\Raphael\Desktop\Node\node_modules\connect\package.json
7 verbose read json C:\Users\Raphael\Desktop\Node\node_modules\custom_modules\package.json
8 verbose read json C:\Users\Raphael\Desktop\Node\node_modules\express\package.json
9 verbose read json C:\Users\Raphael\Desktop\Node\node_modules\mysql\package.json
10 verbose read json C:\Users\Raphael\Desktop\Node\node_modules\socket.io\package.json
11 verbose read json C:\Users\Raphael\Desktop\Node\package.json
12 verbose cache add [ 'Canva', null ]
13 verbose cache add name=undefined spec="Canva" args=["Canva",null]
14 verbose parsed url { protocol: null,
14 verbose parsed url   slashes: null,
14 verbose parsed url   auth: null,
14 verbose parsed url   host: null,
14 verbose parsed url   port: null,
14 verbose parsed url   hostname: null,
14 verbose parsed url   hash: null,
14 verbose parsed url   search: null,
14 verbose parsed url   query: null,
14 verbose parsed url   pathname: 'Canva',
14 verbose parsed url   path: 'Canva',
14 verbose parsed url   href: 'Canva' }
15 silly lockFile 061d5045-Canva Canva
16 verbose lock Canva C:\Users\Raphael\AppData\Roaming\npm-cache\061d5045-Canva.lock
17 silly lockFile 061d5045-Canva Canva
18 silly lockFile 061d5045-Canva Canva
19 verbose addNamed [ 'Canva', '' ]
20 verbose addNamed [ null, '' ]
21 silly lockFile 5c41866a-Canva Canva@
22 verbose lock Canva@ C:\Users\Raphael\AppData\Roaming\npm-cache\5c41866a-Canva.lock
23 silly addNameRange { name: 'Canva', range: '', hasData: false }
24 verbose url raw Canva
25 verbose url resolving [ 'https://registry.npmjs.org/', './Canva' ]
26 verbose url resolved https://registry.npmjs.org/Canva
27 info trying registry request attempt 1 at 17:45:47
28 http GET https://registry.npmjs.org/Canva
29 http 404 https://registry.npmjs.org/Canva
30 silly registry.get cb [ 404,
30 silly registry.get   { server: 'CouchDB/1.3.0 (Erlang OTP/R15B03)',
30 silly registry.get     date: 'Thu, 30 May 2013 21:45:48 GMT',
30 silly registry.get     'content-type': 'application/json',
30 silly registry.get     'content-length': '52',
30 silly registry.get     'cache-control': 'must-revalidate' } ]
31 silly lockFile 5c41866a-Canva Canva@
32 silly lockFile 5c41866a-Canva Canva@
33 error 404 'Canva' is not in the npm registry.
33 error 404 You should bug the author to publish it
33 error 404
33 error 404 Note that you can also install from a
33 error 404 tarball, folder, or http url, or git url.
34 error System Windows_NT 6.1.7600
35 error command "C:\\Program Files\\nodejs\\\\node.exe" "C:\\Program Files\\nodejs\\node_modules\\npm\\bin\\npm-cli.js" "install" "Canva"
36 error cwd C:\Users\Raphael\Desktop\Node
37 error node -v v0.10.5
38 error npm -v 1.2.18
39 error code E404
40 verbose exit [ 1, true ]
